<?xml version="1.0" encoding="UTF-8"?>
<!-- Generated by org.testng.reporters.JUnitReportReporter -->
<testsuite hostname="Rajatkumar" failures="0" tests="1" name="com.facebook.testscript.UpdateProfile" time="7.505" errors="0" timestamp="2023-09-20T12:24:57 IST" skipped="0">
  <testcase classname="com.facebook.testscript.UpdateProfile" name="loginNewUser" time="7.505"/>
  <system-out>
    <![CDATA[Open Browser
Login
Logout
Close Browser]]>
  </system-out>
</testsuite> <!-- com.facebook.testscript.UpdateProfile -->
