<?xml version="1.0" encoding="UTF-8"?>
<!-- Generated by org.testng.reporters.JUnitReportReporter -->
<testsuite hostname="Rajatkumar" failures="0" tests="1" name="com.jivi.testscript.skillSetUpTest" time="68.392" errors="0" timestamp="12 Nov 2023 09:58:52 GMT" skipped="0">
  <testcase classname="com.jivi.testscript.skillSetUpTest" name="createNewSkill" time="68.392"/>
</testsuite> <!-- com.jivi.testscript.skillSetUpTest -->
