<?xml version="1.0" encoding="UTF-8"?>
<!-- Generated by org.testng.reporters.JUnitReportReporter -->
<testsuite hostname="Rajatkumar" failures="0" tests="1" name="com.facebook.testscript.UpdateProfile" time="17.238" errors="0" timestamp="2023-11-12T10:48:20 IST" skipped="0">
  <testcase classname="com.facebook.testscript.UpdateProfile" name="loginNewUser" time="17.238"/>
  <system-out>
    <![CDATA[Open Browser
Login
Logout
Close Browser]]>
  </system-out>
</testsuite> <!-- com.facebook.testscript.UpdateProfile -->
